c:\users\student\documents\asdf\z5p1\z5p1\debug\z5p1.pch
c:\users\student\documents\asdf\z5p1\z5p1\debug\vc120.pdb
c:\users\student\documents\asdf\z5p1\z5p1\debug\vc120.idb
c:\users\student\documents\asdf\z5p1\z5p1\debug\stdafx.obj
c:\users\student\documents\asdf\z5p1\z5p1\debug\z5p1.obj
c:\users\liberator\desktop\grafika\z5p1\z5p1\debug\z5p1.pch
c:\users\liberator\desktop\grafika\z5p1\z5p1\debug\vc140.pdb
c:\users\liberator\desktop\grafika\z5p1\z5p1\debug\vc140.idb
c:\users\liberator\desktop\grafika\z5p1\z5p1\debug\stdafx.obj
c:\users\liberator\desktop\grafika\z5p1\z5p1\debug\vc120.idb
c:\users\liberator\desktop\grafika\z5p1\z5p1\debug\vc120.pdb
c:\users\liberator\desktop\grafika\z5p1\debug\z5p1.pdb
c:\users\liberator\desktop\grafika\z5p1\z5p1\debug\z5p1.tlog\cl.command.1.tlog
c:\users\liberator\desktop\grafika\z5p1\z5p1\debug\z5p1.tlog\cl.read.1.tlog
c:\users\liberator\desktop\grafika\z5p1\z5p1\debug\z5p1.tlog\cl.write.1.tlog
c:\users\liberator\desktop\grafika\z5p1\z5p1\debug\z5p1.tlog\link-cvtres.read.1.tlog
c:\users\liberator\desktop\grafika\z5p1\z5p1\debug\z5p1.tlog\link-cvtres.write.1.tlog
c:\users\liberator\desktop\grafika\z5p1\z5p1\debug\z5p1.tlog\link-rc.read.1.tlog
c:\users\liberator\desktop\grafika\z5p1\z5p1\debug\z5p1.tlog\link-rc.write.1.tlog
c:\users\liberator\desktop\grafika\z5p1\z5p1\debug\z5p1.tlog\link.command.1.tlog
c:\users\liberator\desktop\grafika\z5p1\z5p1\debug\z5p1.tlog\link.read.1.tlog
c:\users\liberator\desktop\grafika\z5p1\z5p1\debug\z5p1.tlog\link.write.1.tlog
